<?xml version="1.0" encoding="UTF-8"?>
<coverage generated="1710226693842" clover="3.2.0">
  <project timestamp="1710226693842" name="All files">
    <metrics statements="17" coveredstatements="17" conditionals="8" coveredconditionals="6" methods="1" coveredmethods="1" elements="26" coveredelements="24" complexity="0" loc="17" ncloc="17" packages="1" files="1" classes="1"/>
    <file name="fibonacci.js" path="/Users/thiagotavares/Desktop/Tavares/Studies/Mission Ready/Level 5/Classes/week-06/cicd demo/fibonacci.js">
      <metrics statements="17" coveredstatements="17" conditionals="8" coveredconditionals="6" methods="1" coveredmethods="1"/>
      <line num="1" count="1" type="stmt"/>
      <line num="2" count="2" type="cond" truecount="4" falsecount="0"/>
      <line num="3" count="1" type="cond" truecount="1" falsecount="1"/>
      <line num="4" count="1" type="cond" truecount="1" falsecount="1"/>
      <line num="6" count="1" type="stmt"/>
      <line num="8" count="1" type="stmt"/>
      <line num="9" count="1" type="stmt"/>
      <line num="10" count="1" type="stmt"/>
      <line num="12" count="1" type="stmt"/>
      <line num="13" count="9" type="stmt"/>
      <line num="14" count="9" type="stmt"/>
      <line num="16" count="9" type="stmt"/>
      <line num="17" count="9" type="stmt"/>
      <line num="20" count="1" type="stmt"/>
      <line num="23" count="1" type="stmt"/>
      <line num="24" count="1" type="stmt"/>
      <line num="26" count="1" type="stmt"/>
    </file>
  </project>
</coverage>
