{"/Users/thiagotavares/Desktop/Tavares/Studies/Mission Ready/Level 5/Classes/week-06/cicd demo/fibonacci.js": {"path":"/Users/thiagotavares/Desktop/Tavares/Studies/Mission Ready/Level 5/Classes/week-06/cicd demo/fibonacci.js","statementMap":{"0":{"start":{"line":1,"column":18},"end":{"line":21,"column":1}},"1":{"start":{"line":2,"column":4},"end":{"line":2,"column":39}},"2":{"start":{"line":2,"column":28},"end":{"line":2,"column":39}},"3":{"start":{"line":3,"column":4},"end":{"line":3,"column":34}},"4":{"start":{"line":3,"column":20},"end":{"line":3,"column":34}},"5":{"start":{"line":4,"column":4},"end":{"line":4,"column":37}},"6":{"start":{"line":4,"column":20},"end":{"line":4,"column":37}},"7":{"start":{"line":6,"column":22},"end":{"line":6,"column":28}},"8":{"start":{"line":8,"column":13},"end":{"line":8,"column":14}},"9":{"start":{"line":9,"column":13},"end":{"line":9,"column":14}},"10":{"start":{"line":10,"column":18},"end":{"line":10,"column":19}},"11":{"start":{"line":12,"column":4},"end":{"line":18,"column":5}},"12":{"start":{"line":13,"column":8},"end":{"line":13,"column":26}},"13":{"start":{"line":14,"column":8},"end":{"line":14,"column":32}},"14":{"start":{"line":16,"column":8},"end":{"line":16,"column":16}},"15":{"start":{"line":17,"column":8},"end":{"line":17,"column":21}},"16":{"start":{"line":20,"column":4},"end":{"line":20,"column":21}},"17":{"start":{"line":23,"column":19},"end":{"line":23,"column":32}},"18":{"start":{"line":24,"column":0},"end":{"line":24,"column":24}},"19":{"start":{"line":26,"column":0},"end":{"line":26,"column":27}}},"fnMap":{"0":{"name":"(anonymous_0)","decl":{"start":{"line":1,"column":18},"end":{"line":1,"column":19}},"loc":{"start":{"line":1,"column":26},"end":{"line":21,"column":1}},"line":1}},"branchMap":{"0":{"loc":{"start":{"line":2,"column":4},"end":{"line":2,"column":39}},"type":"if","locations":[{"start":{"line":2,"column":4},"end":{"line":2,"column":39}},{"start":{},"end":{}}],"line":2},"1":{"loc":{"start":{"line":2,"column":8},"end":{"line":2,"column":26}},"type":"binary-expr","locations":[{"start":{"line":2,"column":8},"end":{"line":2,"column":13}},{"start":{"line":2,"column":17},"end":{"line":2,"column":26}}],"line":2},"2":{"loc":{"start":{"line":3,"column":4},"end":{"line":3,"column":34}},"type":"if","locations":[{"start":{"line":3,"column":4},"end":{"line":3,"column":34}},{"start":{},"end":{}}],"line":3},"3":{"loc":{"start":{"line":4,"column":4},"end":{"line":4,"column":37}},"type":"if","locations":[{"start":{"line":4,"column":4},"end":{"line":4,"column":37}},{"start":{},"end":{}}],"line":4}},"s":{"0":1,"1":2,"2":1,"3":1,"4":0,"5":1,"6":0,"7":1,"8":1,"9":1,"10":1,"11":1,"12":9,"13":9,"14":9,"15":9,"16":1,"17":1,"18":1,"19":1},"f":{"0":2},"b":{"0":[1,1],"1":[2,1],"2":[0,1],"3":[0,1]},"_coverageSchema":"1a1c01bbd47fc00a2c39e90264f33305004495a9","hash":"12c60ee37527acc418344123a2a9b88444afef99"}
}
